[0710/214824.333:INFO:CONSOLE(163)] "Event handler of 'x-storagemutated-1' event must be added on the initial evaluation of worker script.", source: https://static.whatsapp.net/rsrc.php/v4/yB/r/DmFIxj3OQiF.js (163)
[0710/214825.788:ERROR:cache_util_win.cc(20)] Unable to move the cache: Acceso denegado. (0x5)
[0710/214825.789:ERROR:disk_cache.cc(205)] Unable to create cache
[0710/214825.789:ERROR:gpu_disk_cache.cc(673)] Gpu Cache Creation failed: -2
[0710/214825.791:ERROR:cache_util_win.cc(20)] Unable to move the cache: Acceso denegado. (0x5)
[0710/214825.792:ERROR:disk_cache.cc(205)] Unable to create cache
[0710/214825.795:ERROR:gpu_disk_cache.cc(673)] Gpu Cache Creation failed: -2
[0710/214827.077:INFO:CONSOLE(0)] "Error with Permissions-Policy header: Feature xr-spatial-tracking's parameters are ignored.", source:  (0)
[0710/214827.077:INFO:CONSOLE(0)] "Error with Permissions-Policy header: Origin trial controlled feature not enabled: 'attribution-reporting'.", source:  (0)
[0710/214827.077:INFO:CONSOLE(0)] "Error with Permissions-Policy header: Unrecognized feature: 'compute-pressure'.", source:  (0)
[0710/214827.077:INFO:CONSOLE(0)] "Error with Permissions-Policy header: Origin trial controlled feature not enabled: 'interest-cohort'.", source:  (0)
[0710/214827.077:INFO:CONSOLE(0)] "Error with Permissions-Policy header: Unrecognized feature: 'private-state-token-issuance'.", source:  (0)
[0710/214827.077:INFO:CONSOLE(0)] "Error with Permissions-Policy header: Origin trial controlled feature not enabled: 'shared-storage'.", source:  (0)
[0710/214827.078:INFO:CONSOLE(0)] "Error with Permissions-Policy header: Unrecognized feature: 'shared-storage-select-url'.", source:  (0)
[0710/214827.078:INFO:CONSOLE(0)] "Error with Permissions-Policy header: Unrecognized feature: 'private-state-token-redemption'.", source:  (0)
[0710/214827.078:INFO:CONSOLE(0)] "Error with Permissions-Policy header: Unrecognized feature: 'unload'.", source:  (0)
[0710/214827.078:INFO:CONSOLE(0)] "Error with Permissions-Policy header: Unrecognized feature: 'window-management'.", source:  (0)
[0710/214827.078:INFO:CONSOLE(0)] "Document-Policy HTTP header: Unrecognized document policy feature name include-js-call-stacks-in-crash-reports.", source: https://web.whatsapp.com/ (0)
[0710/214827.821:ERROR:cache_util_win.cc(20)] Unable to move the cache: Acceso denegado. (0x5)
[0710/214827.821:ERROR:disk_cache.cc(205)] Unable to create cache
[0710/214828.199:INFO:CONSOLE(0)] "Error with Permissions-Policy header: Feature xr-spatial-tracking's parameters are ignored.", source:  (0)
[0710/214828.199:INFO:CONSOLE(0)] "Error with Permissions-Policy header: Origin trial controlled feature not enabled: 'attribution-reporting'.", source:  (0)
[0710/214828.199:INFO:CONSOLE(0)] "Error with Permissions-Policy header: Unrecognized feature: 'compute-pressure'.", source:  (0)
[0710/214828.199:INFO:CONSOLE(0)] "Error with Permissions-Policy header: Origin trial controlled feature not enabled: 'interest-cohort'.", source:  (0)
[0710/214828.199:INFO:CONSOLE(0)] "Error with Permissions-Policy header: Unrecognized feature: 'private-state-token-issuance'.", source:  (0)
[0710/214828.199:INFO:CONSOLE(0)] "Error with Permissions-Policy header: Origin trial controlled feature not enabled: 'shared-storage'.", source:  (0)
[0710/214828.199:INFO:CONSOLE(0)] "Error with Permissions-Policy header: Unrecognized feature: 'shared-storage-select-url'.", source:  (0)
[0710/214828.200:INFO:CONSOLE(0)] "Error with Permissions-Policy header: Unrecognized feature: 'private-state-token-redemption'.", source:  (0)
[0710/214828.200:INFO:CONSOLE(0)] "Error with Permissions-Policy header: Unrecognized feature: 'unload'.", source:  (0)
[0710/214828.200:INFO:CONSOLE(0)] "Error with Permissions-Policy header: Unrecognized feature: 'window-management'.", source:  (0)
[0710/214828.200:INFO:CONSOLE(0)] "Document-Policy HTTP header: Unrecognized document policy feature name include-js-call-stacks-in-crash-reports.", source: https://web.whatsapp.com/ (0)
[0710/214828.821:ERROR:service_worker_storage.cc(1933)] Failed to delete the database: Database IO error
[0710/214830.624:INFO:CONSOLE(163)] "Event handler of 'x-storagemutated-1' event must be added on the initial evaluation of worker script.", source: https://static.whatsapp.net/rsrc.php/v4/yb/r/rtE7jUSd2xP.js (163)
[0710/214834.577:ERROR:leveldb_factory.cc(88)] Failed to open LevelDB database from C:\Users\mati_\OneDrive\Desktop\stargym\.wwebjs_auth\session\Default\IndexedDB\https_web.whatsapp.com_0.indexeddb.leveldb,IO error: C:\Users\mati_\OneDrive\Desktop\stargym\.wwebjs_auth\session\Default\IndexedDB\https_web.whatsapp.com_0.indexeddb.leveldb/LOCK: File currently in use. (ChromeMethodBFE: 15::LockFile::2)
[0710/214836.596:ERROR:leveldb_factory.cc(88)] Failed to open LevelDB database from C:\Users\mati_\OneDrive\Desktop\stargym\.wwebjs_auth\session\Default\IndexedDB\https_web.whatsapp.com_0.indexeddb.leveldb,IO error: C:\Users\mati_\OneDrive\Desktop\stargym\.wwebjs_auth\session\Default\IndexedDB\https_web.whatsapp.com_0.indexeddb.leveldb/LOCK: File currently in use. (ChromeMethodBFE: 15::LockFile::2)
[0710/214838.620:ERROR:leveldb_factory.cc(88)] Failed to open LevelDB database from C:\Users\mati_\OneDrive\Desktop\stargym\.wwebjs_auth\session\Default\IndexedDB\https_web.whatsapp.com_0.indexeddb.leveldb,IO error: C:\Users\mati_\OneDrive\Desktop\stargym\.wwebjs_auth\session\Default\IndexedDB\https_web.whatsapp.com_0.indexeddb.leveldb/LOCK: File currently in use. (ChromeMethodBFE: 15::LockFile::2)
[0710/214840.644:ERROR:leveldb_factory.cc(88)] Failed to open LevelDB database from C:\Users\mati_\OneDrive\Desktop\stargym\.wwebjs_auth\session\Default\IndexedDB\https_web.whatsapp.com_0.indexeddb.leveldb,IO error: C:\Users\mati_\OneDrive\Desktop\stargym\.wwebjs_auth\session\Default\IndexedDB\https_web.whatsapp.com_0.indexeddb.leveldb/LOCK: File currently in use. (ChromeMethodBFE: 15::LockFile::2)
[0710/214842.672:ERROR:leveldb_factory.cc(88)] Failed to open LevelDB database from C:\Users\mati_\OneDrive\Desktop\stargym\.wwebjs_auth\session\Default\IndexedDB\https_web.whatsapp.com_0.indexeddb.leveldb,IO error: C:\Users\mati_\OneDrive\Desktop\stargym\.wwebjs_auth\session\Default\IndexedDB\https_web.whatsapp.com_0.indexeddb.leveldb/LOCK: File currently in use. (ChromeMethodBFE: 15::LockFile::2)
[0710/214844.694:ERROR:leveldb_factory.cc(88)] Failed to open LevelDB database from C:\Users\mati_\OneDrive\Desktop\stargym\.wwebjs_auth\session\Default\IndexedDB\https_web.whatsapp.com_0.indexeddb.leveldb,IO error: C:\Users\mati_\OneDrive\Desktop\stargym\.wwebjs_auth\session\Default\IndexedDB\https_web.whatsapp.com_0.indexeddb.leveldb/LOCK: File currently in use. (ChromeMethodBFE: 15::LockFile::2)
[0710/214846.730:ERROR:leveldb_factory.cc(88)] Failed to open LevelDB database from C:\Users\mati_\OneDrive\Desktop\stargym\.wwebjs_auth\session\Default\IndexedDB\https_web.whatsapp.com_0.indexeddb.leveldb,IO error: C:\Users\mati_\OneDrive\Desktop\stargym\.wwebjs_auth\session\Default\IndexedDB\https_web.whatsapp.com_0.indexeddb.leveldb/LOCK: File currently in use. (ChromeMethodBFE: 15::LockFile::2)
[0710/214848.757:ERROR:leveldb_factory.cc(88)] Failed to open LevelDB database from C:\Users\mati_\OneDrive\Desktop\stargym\.wwebjs_auth\session\Default\IndexedDB\https_web.whatsapp.com_0.indexeddb.leveldb,IO error: C:\Users\mati_\OneDrive\Desktop\stargym\.wwebjs_auth\session\Default\IndexedDB\https_web.whatsapp.com_0.indexeddb.leveldb/LOCK: File currently in use. (ChromeMethodBFE: 15::LockFile::2)
[0710/214850.795:ERROR:leveldb_factory.cc(88)] Failed to open LevelDB database from C:\Users\mati_\OneDrive\Desktop\stargym\.wwebjs_auth\session\Default\IndexedDB\https_web.whatsapp.com_0.indexeddb.leveldb,IO error: C:\Users\mati_\OneDrive\Desktop\stargym\.wwebjs_auth\session\Default\IndexedDB\https_web.whatsapp.com_0.indexeddb.leveldb/LOCK: File currently in use. (ChromeMethodBFE: 15::LockFile::2)
[0710/214852.829:ERROR:leveldb_factory.cc(88)] Failed to open LevelDB database from C:\Users\mati_\OneDrive\Desktop\stargym\.wwebjs_auth\session\Default\IndexedDB\https_web.whatsapp.com_0.indexeddb.leveldb,IO error: C:\Users\mati_\OneDrive\Desktop\stargym\.wwebjs_auth\session\Default\IndexedDB\https_web.whatsapp.com_0.indexeddb.leveldb/LOCK: File currently in use. (ChromeMethodBFE: 15::LockFile::2)
[0710/214854.851:ERROR:leveldb_factory.cc(88)] Failed to open LevelDB database from C:\Users\mati_\OneDrive\Desktop\stargym\.wwebjs_auth\session\Default\IndexedDB\https_web.whatsapp.com_0.indexeddb.leveldb,IO error: C:\Users\mati_\OneDrive\Desktop\stargym\.wwebjs_auth\session\Default\IndexedDB\https_web.whatsapp.com_0.indexeddb.leveldb/LOCK: File currently in use. (ChromeMethodBFE: 15::LockFile::2)
[0710/214856.877:ERROR:leveldb_factory.cc(88)] Failed to open LevelDB database from C:\Users\mati_\OneDrive\Desktop\stargym\.wwebjs_auth\session\Default\IndexedDB\https_web.whatsapp.com_0.indexeddb.leveldb,IO error: C:\Users\mati_\OneDrive\Desktop\stargym\.wwebjs_auth\session\Default\IndexedDB\https_web.whatsapp.com_0.indexeddb.leveldb/LOCK: File currently in use. (ChromeMethodBFE: 15::LockFile::2)
[0710/214858.908:ERROR:leveldb_factory.cc(88)] Failed to open LevelDB database from C:\Users\mati_\OneDrive\Desktop\stargym\.wwebjs_auth\session\Default\IndexedDB\https_web.whatsapp.com_0.indexeddb.leveldb,IO error: C:\Users\mati_\OneDrive\Desktop\stargym\.wwebjs_auth\session\Default\IndexedDB\https_web.whatsapp.com_0.indexeddb.leveldb/LOCK: File currently in use. (ChromeMethodBFE: 15::LockFile::2)
[0710/214900.934:ERROR:leveldb_factory.cc(88)] Failed to open LevelDB database from C:\Users\mati_\OneDrive\Desktop\stargym\.wwebjs_auth\session\Default\IndexedDB\https_web.whatsapp.com_0.indexeddb.leveldb,IO error: C:\Users\mati_\OneDrive\Desktop\stargym\.wwebjs_auth\session\Default\IndexedDB\https_web.whatsapp.com_0.indexeddb.leveldb/LOCK: File currently in use. (ChromeMethodBFE: 15::LockFile::2)
[0710/214902.959:ERROR:leveldb_factory.cc(88)] Failed to open LevelDB database from C:\Users\mati_\OneDrive\Desktop\stargym\.wwebjs_auth\session\Default\IndexedDB\https_web.whatsapp.com_0.indexeddb.leveldb,IO error: C:\Users\mati_\OneDrive\Desktop\stargym\.wwebjs_auth\session\Default\IndexedDB\https_web.whatsapp.com_0.indexeddb.leveldb/LOCK: File currently in use. (ChromeMethodBFE: 15::LockFile::2)
[0710/214904.985:ERROR:leveldb_factory.cc(88)] Failed to open LevelDB database from C:\Users\mati_\OneDrive\Desktop\stargym\.wwebjs_auth\session\Default\IndexedDB\https_web.whatsapp.com_0.indexeddb.leveldb,IO error: C:\Users\mati_\OneDrive\Desktop\stargym\.wwebjs_auth\session\Default\IndexedDB\https_web.whatsapp.com_0.indexeddb.leveldb/LOCK: File currently in use. (ChromeMethodBFE: 15::LockFile::2)
[0710/214907.077:ERROR:leveldb_factory.cc(88)] Failed to open LevelDB database from C:\Users\mati_\OneDrive\Desktop\stargym\.wwebjs_auth\session\Default\IndexedDB\https_web.whatsapp.com_0.indexeddb.leveldb,IO error: C:\Users\mati_\OneDrive\Desktop\stargym\.wwebjs_auth\session\Default\IndexedDB\https_web.whatsapp.com_0.indexeddb.leveldb/LOCK: File currently in use. (ChromeMethodBFE: 15::LockFile::2)
[0710/214909.332:ERROR:leveldb_factory.cc(88)] Failed to open LevelDB database from C:\Users\mati_\OneDrive\Desktop\stargym\.wwebjs_auth\session\Default\IndexedDB\https_web.whatsapp.com_0.indexeddb.leveldb,IO error: C:\Users\mati_\OneDrive\Desktop\stargym\.wwebjs_auth\session\Default\IndexedDB\https_web.whatsapp.com_0.indexeddb.leveldb/LOCK: File currently in use. (ChromeMethodBFE: 15::LockFile::2)
[0710/214911.939:ERROR:leveldb_factory.cc(88)] Failed to open LevelDB database from C:\Users\mati_\OneDrive\Desktop\stargym\.wwebjs_auth\session\Default\IndexedDB\https_web.whatsapp.com_0.indexeddb.leveldb,IO error: C:\Users\mati_\OneDrive\Desktop\stargym\.wwebjs_auth\session\Default\IndexedDB\https_web.whatsapp.com_0.indexeddb.leveldb/LOCK: File currently in use. (ChromeMethodBFE: 15::LockFile::2)
[0710/214914.080:ERROR:leveldb_factory.cc(88)] Failed to open LevelDB database from C:\Users\mati_\OneDrive\Desktop\stargym\.wwebjs_auth\session\Default\IndexedDB\https_web.whatsapp.com_0.indexeddb.leveldb,IO error: C:\Users\mati_\OneDrive\Desktop\stargym\.wwebjs_auth\session\Default\IndexedDB\https_web.whatsapp.com_0.indexeddb.leveldb/LOCK: File currently in use. (ChromeMethodBFE: 15::LockFile::2)
[0710/214916.509:ERROR:leveldb_factory.cc(88)] Failed to open LevelDB database from C:\Users\mati_\OneDrive\Desktop\stargym\.wwebjs_auth\session\Default\IndexedDB\https_web.whatsapp.com_0.indexeddb.leveldb,IO error: C:\Users\mati_\OneDrive\Desktop\stargym\.wwebjs_auth\session\Default\IndexedDB\https_web.whatsapp.com_0.indexeddb.leveldb/LOCK: File currently in use. (ChromeMethodBFE: 15::LockFile::2)
[0710/214918.532:ERROR:leveldb_factory.cc(88)] Failed to open LevelDB database from C:\Users\mati_\OneDrive\Desktop\stargym\.wwebjs_auth\session\Default\IndexedDB\https_web.whatsapp.com_0.indexeddb.leveldb,IO error: C:\Users\mati_\OneDrive\Desktop\stargym\.wwebjs_auth\session\Default\IndexedDB\https_web.whatsapp.com_0.indexeddb.leveldb/LOCK: File currently in use. (ChromeMethodBFE: 15::LockFile::2)
[0710/214920.559:ERROR:leveldb_factory.cc(88)] Failed to open LevelDB database from C:\Users\mati_\OneDrive\Desktop\stargym\.wwebjs_auth\session\Default\IndexedDB\https_web.whatsapp.com_0.indexeddb.leveldb,IO error: C:\Users\mati_\OneDrive\Desktop\stargym\.wwebjs_auth\session\Default\IndexedDB\https_web.whatsapp.com_0.indexeddb.leveldb/LOCK: File currently in use. (ChromeMethodBFE: 15::LockFile::2)
[0710/214922.573:ERROR:leveldb_factory.cc(88)] Failed to open LevelDB database from C:\Users\mati_\OneDrive\Desktop\stargym\.wwebjs_auth\session\Default\IndexedDB\https_web.whatsapp.com_0.indexeddb.leveldb,IO error: C:\Users\mati_\OneDrive\Desktop\stargym\.wwebjs_auth\session\Default\IndexedDB\https_web.whatsapp.com_0.indexeddb.leveldb/LOCK: File currently in use. (ChromeMethodBFE: 15::LockFile::2)
[0710/214924.599:ERROR:leveldb_factory.cc(88)] Failed to open LevelDB database from C:\Users\mati_\OneDrive\Desktop\stargym\.wwebjs_auth\session\Default\IndexedDB\https_web.whatsapp.com_0.indexeddb.leveldb,IO error: C:\Users\mati_\OneDrive\Desktop\stargym\.wwebjs_auth\session\Default\IndexedDB\https_web.whatsapp.com_0.indexeddb.leveldb/LOCK: File currently in use. (ChromeMethodBFE: 15::LockFile::2)
[0710/214926.623:ERROR:leveldb_factory.cc(88)] Failed to open LevelDB database from C:\Users\mati_\OneDrive\Desktop\stargym\.wwebjs_auth\session\Default\IndexedDB\https_web.whatsapp.com_0.indexeddb.leveldb,IO error: C:\Users\mati_\OneDrive\Desktop\stargym\.wwebjs_auth\session\Default\IndexedDB\https_web.whatsapp.com_0.indexeddb.leveldb/LOCK: File currently in use. (ChromeMethodBFE: 15::LockFile::2)
[0710/214928.655:ERROR:leveldb_factory.cc(88)] Failed to open LevelDB database from C:\Users\mati_\OneDrive\Desktop\stargym\.wwebjs_auth\session\Default\IndexedDB\https_web.whatsapp.com_0.indexeddb.leveldb,IO error: C:\Users\mati_\OneDrive\Desktop\stargym\.wwebjs_auth\session\Default\IndexedDB\https_web.whatsapp.com_0.indexeddb.leveldb/LOCK: File currently in use. (ChromeMethodBFE: 15::LockFile::2)
[0710/214930.677:ERROR:leveldb_factory.cc(88)] Failed to open LevelDB database from C:\Users\mati_\OneDrive\Desktop\stargym\.wwebjs_auth\session\Default\IndexedDB\https_web.whatsapp.com_0.indexeddb.leveldb,IO error: C:\Users\mati_\OneDrive\Desktop\stargym\.wwebjs_auth\session\Default\IndexedDB\https_web.whatsapp.com_0.indexeddb.leveldb/LOCK: File currently in use. (ChromeMethodBFE: 15::LockFile::2)
[0710/214932.699:ERROR:leveldb_factory.cc(88)] Failed to open LevelDB database from C:\Users\mati_\OneDrive\Desktop\stargym\.wwebjs_auth\session\Default\IndexedDB\https_web.whatsapp.com_0.indexeddb.leveldb,IO error: C:\Users\mati_\OneDrive\Desktop\stargym\.wwebjs_auth\session\Default\IndexedDB\https_web.whatsapp.com_0.indexeddb.leveldb/LOCK: File currently in use. (ChromeMethodBFE: 15::LockFile::2)
[0710/214934.723:ERROR:leveldb_factory.cc(88)] Failed to open LevelDB database from C:\Users\mati_\OneDrive\Desktop\stargym\.wwebjs_auth\session\Default\IndexedDB\https_web.whatsapp.com_0.indexeddb.leveldb,IO error: C:\Users\mati_\OneDrive\Desktop\stargym\.wwebjs_auth\session\Default\IndexedDB\https_web.whatsapp.com_0.indexeddb.leveldb/LOCK: File currently in use. (ChromeMethodBFE: 15::LockFile::2)
[0710/214936.748:ERROR:leveldb_factory.cc(88)] Failed to open LevelDB database from C:\Users\mati_\OneDrive\Desktop\stargym\.wwebjs_auth\session\Default\IndexedDB\https_web.whatsapp.com_0.indexeddb.leveldb,IO error: C:\Users\mati_\OneDrive\Desktop\stargym\.wwebjs_auth\session\Default\IndexedDB\https_web.whatsapp.com_0.indexeddb.leveldb/LOCK: File currently in use. (ChromeMethodBFE: 15::LockFile::2)
[0710/214938.771:ERROR:leveldb_factory.cc(88)] Failed to open LevelDB database from C:\Users\mati_\OneDrive\Desktop\stargym\.wwebjs_auth\session\Default\IndexedDB\https_web.whatsapp.com_0.indexeddb.leveldb,IO error: C:\Users\mati_\OneDrive\Desktop\stargym\.wwebjs_auth\session\Default\IndexedDB\https_web.whatsapp.com_0.indexeddb.leveldb/LOCK: File currently in use. (ChromeMethodBFE: 15::LockFile::2)
[0710/214940.797:ERROR:leveldb_factory.cc(88)] Failed to open LevelDB database from C:\Users\mati_\OneDrive\Desktop\stargym\.wwebjs_auth\session\Default\IndexedDB\https_web.whatsapp.com_0.indexeddb.leveldb,IO error: C:\Users\mati_\OneDrive\Desktop\stargym\.wwebjs_auth\session\Default\IndexedDB\https_web.whatsapp.com_0.indexeddb.leveldb/LOCK: File currently in use. (ChromeMethodBFE: 15::LockFile::2)
[0710/214942.826:ERROR:leveldb_factory.cc(88)] Failed to open LevelDB database from C:\Users\mati_\OneDrive\Desktop\stargym\.wwebjs_auth\session\Default\IndexedDB\https_web.whatsapp.com_0.indexeddb.leveldb,IO error: C:\Users\mati_\OneDrive\Desktop\stargym\.wwebjs_auth\session\Default\IndexedDB\https_web.whatsapp.com_0.indexeddb.leveldb/LOCK: File currently in use. (ChromeMethodBFE: 15::LockFile::2)
[0710/214944.852:ERROR:leveldb_factory.cc(88)] Failed to open LevelDB database from C:\Users\mati_\OneDrive\Desktop\stargym\.wwebjs_auth\session\Default\IndexedDB\https_web.whatsapp.com_0.indexeddb.leveldb,IO error: C:\Users\mati_\OneDrive\Desktop\stargym\.wwebjs_auth\session\Default\IndexedDB\https_web.whatsapp.com_0.indexeddb.leveldb/LOCK: File currently in use. (ChromeMethodBFE: 15::LockFile::2)
[0710/214946.881:ERROR:leveldb_factory.cc(88)] Failed to open LevelDB database from C:\Users\mati_\OneDrive\Desktop\stargym\.wwebjs_auth\session\Default\IndexedDB\https_web.whatsapp.com_0.indexeddb.leveldb,IO error: C:\Users\mati_\OneDrive\Desktop\stargym\.wwebjs_auth\session\Default\IndexedDB\https_web.whatsapp.com_0.indexeddb.leveldb/LOCK: File currently in use. (ChromeMethodBFE: 15::LockFile::2)
[0710/214948.904:ERROR:leveldb_factory.cc(88)] Failed to open LevelDB database from C:\Users\mati_\OneDrive\Desktop\stargym\.wwebjs_auth\session\Default\IndexedDB\https_web.whatsapp.com_0.indexeddb.leveldb,IO error: C:\Users\mati_\OneDrive\Desktop\stargym\.wwebjs_auth\session\Default\IndexedDB\https_web.whatsapp.com_0.indexeddb.leveldb/LOCK: File currently in use. (ChromeMethodBFE: 15::LockFile::2)
[0710/214950.934:ERROR:leveldb_factory.cc(88)] Failed to open LevelDB database from C:\Users\mati_\OneDrive\Desktop\stargym\.wwebjs_auth\session\Default\IndexedDB\https_web.whatsapp.com_0.indexeddb.leveldb,IO error: C:\Users\mati_\OneDrive\Desktop\stargym\.wwebjs_auth\session\Default\IndexedDB\https_web.whatsapp.com_0.indexeddb.leveldb/LOCK: File currently in use. (ChromeMethodBFE: 15::LockFile::2)
[0710/214952.959:ERROR:leveldb_factory.cc(88)] Failed to open LevelDB database from C:\Users\mati_\OneDrive\Desktop\stargym\.wwebjs_auth\session\Default\IndexedDB\https_web.whatsapp.com_0.indexeddb.leveldb,IO error: C:\Users\mati_\OneDrive\Desktop\stargym\.wwebjs_auth\session\Default\IndexedDB\https_web.whatsapp.com_0.indexeddb.leveldb/LOCK: File currently in use. (ChromeMethodBFE: 15::LockFile::2)
[0710/214954.982:ERROR:leveldb_factory.cc(88)] Failed to open LevelDB database from C:\Users\mati_\OneDrive\Desktop\stargym\.wwebjs_auth\session\Default\IndexedDB\https_web.whatsapp.com_0.indexeddb.leveldb,IO error: C:\Users\mati_\OneDrive\Desktop\stargym\.wwebjs_auth\session\Default\IndexedDB\https_web.whatsapp.com_0.indexeddb.leveldb/LOCK: File currently in use. (ChromeMethodBFE: 15::LockFile::2)
[0710/214957.006:ERROR:leveldb_factory.cc(88)] Failed to open LevelDB database from C:\Users\mati_\OneDrive\Desktop\stargym\.wwebjs_auth\session\Default\IndexedDB\https_web.whatsapp.com_0.indexeddb.leveldb,IO error: C:\Users\mati_\OneDrive\Desktop\stargym\.wwebjs_auth\session\Default\IndexedDB\https_web.whatsapp.com_0.indexeddb.leveldb/LOCK: File currently in use. (ChromeMethodBFE: 15::LockFile::2)
[0710/214959.022:ERROR:leveldb_factory.cc(88)] Failed to open LevelDB database from C:\Users\mati_\OneDrive\Desktop\stargym\.wwebjs_auth\session\Default\IndexedDB\https_web.whatsapp.com_0.indexeddb.leveldb,IO error: C:\Users\mati_\OneDrive\Desktop\stargym\.wwebjs_auth\session\Default\IndexedDB\https_web.whatsapp.com_0.indexeddb.leveldb/LOCK: File currently in use. (ChromeMethodBFE: 15::LockFile::2)
[0710/215001.054:ERROR:leveldb_factory.cc(88)] Failed to open LevelDB database from C:\Users\mati_\OneDrive\Desktop\stargym\.wwebjs_auth\session\Default\IndexedDB\https_web.whatsapp.com_0.indexeddb.leveldb,IO error: C:\Users\mati_\OneDrive\Desktop\stargym\.wwebjs_auth\session\Default\IndexedDB\https_web.whatsapp.com_0.indexeddb.leveldb/LOCK: File currently in use. (ChromeMethodBFE: 15::LockFile::2)
[0710/215003.096:ERROR:leveldb_factory.cc(88)] Failed to open LevelDB database from C:\Users\mati_\OneDrive\Desktop\stargym\.wwebjs_auth\session\Default\IndexedDB\https_web.whatsapp.com_0.indexeddb.leveldb,IO error: C:\Users\mati_\OneDrive\Desktop\stargym\.wwebjs_auth\session\Default\IndexedDB\https_web.whatsapp.com_0.indexeddb.leveldb/LOCK: File currently in use. (ChromeMethodBFE: 15::LockFile::2)
[0710/215005.282:ERROR:leveldb_factory.cc(88)] Failed to open LevelDB database from C:\Users\mati_\OneDrive\Desktop\stargym\.wwebjs_auth\session\Default\IndexedDB\https_web.whatsapp.com_0.indexeddb.leveldb,IO error: C:\Users\mati_\OneDrive\Desktop\stargym\.wwebjs_auth\session\Default\IndexedDB\https_web.whatsapp.com_0.indexeddb.leveldb/LOCK: File currently in use. (ChromeMethodBFE: 15::LockFile::2)
[0710/215007.379:ERROR:leveldb_factory.cc(88)] Failed to open LevelDB database from C:\Users\mati_\OneDrive\Desktop\stargym\.wwebjs_auth\session\Default\IndexedDB\https_web.whatsapp.com_0.indexeddb.leveldb,IO error: C:\Users\mati_\OneDrive\Desktop\stargym\.wwebjs_auth\session\Default\IndexedDB\https_web.whatsapp.com_0.indexeddb.leveldb/LOCK: File currently in use. (ChromeMethodBFE: 15::LockFile::2)
[0710/215009.563:ERROR:leveldb_factory.cc(88)] Failed to open LevelDB database from C:\Users\mati_\OneDrive\Desktop\stargym\.wwebjs_auth\session\Default\IndexedDB\https_web.whatsapp.com_0.indexeddb.leveldb,IO error: C:\Users\mati_\OneDrive\Desktop\stargym\.wwebjs_auth\session\Default\IndexedDB\https_web.whatsapp.com_0.indexeddb.leveldb/LOCK: File currently in use. (ChromeMethodBFE: 15::LockFile::2)
[0710/215011.700:ERROR:leveldb_factory.cc(88)] Failed to open LevelDB database from C:\Users\mati_\OneDrive\Desktop\stargym\.wwebjs_auth\session\Default\IndexedDB\https_web.whatsapp.com_0.indexeddb.leveldb,IO error: C:\Users\mati_\OneDrive\Desktop\stargym\.wwebjs_auth\session\Default\IndexedDB\https_web.whatsapp.com_0.indexeddb.leveldb/LOCK: File currently in use. (ChromeMethodBFE: 15::LockFile::2)
[0710/215014.181:ERROR:leveldb_factory.cc(88)] Failed to open LevelDB database from C:\Users\mati_\OneDrive\Desktop\stargym\.wwebjs_auth\session\Default\IndexedDB\https_web.whatsapp.com_0.indexeddb.leveldb,IO error: C:\Users\mati_\OneDrive\Desktop\stargym\.wwebjs_auth\session\Default\IndexedDB\https_web.whatsapp.com_0.indexeddb.leveldb/LOCK: File currently in use. (ChromeMethodBFE: 15::LockFile::2)
[0710/215016.204:ERROR:leveldb_factory.cc(88)] Failed to open LevelDB database from C:\Users\mati_\OneDrive\Desktop\stargym\.wwebjs_auth\session\Default\IndexedDB\https_web.whatsapp.com_0.indexeddb.leveldb,IO error: C:\Users\mati_\OneDrive\Desktop\stargym\.wwebjs_auth\session\Default\IndexedDB\https_web.whatsapp.com_0.indexeddb.leveldb/LOCK: File currently in use. (ChromeMethodBFE: 15::LockFile::2)
[0710/215018.222:ERROR:leveldb_factory.cc(88)] Failed to open LevelDB database from C:\Users\mati_\OneDrive\Desktop\stargym\.wwebjs_auth\session\Default\IndexedDB\https_web.whatsapp.com_0.indexeddb.leveldb,IO error: C:\Users\mati_\OneDrive\Desktop\stargym\.wwebjs_auth\session\Default\IndexedDB\https_web.whatsapp.com_0.indexeddb.leveldb/LOCK: File currently in use. (ChromeMethodBFE: 15::LockFile::2)
[0710/215020.250:ERROR:leveldb_factory.cc(88)] Failed to open LevelDB database from C:\Users\mati_\OneDrive\Desktop\stargym\.wwebjs_auth\session\Default\IndexedDB\https_web.whatsapp.com_0.indexeddb.leveldb,IO error: C:\Users\mati_\OneDrive\Desktop\stargym\.wwebjs_auth\session\Default\IndexedDB\https_web.whatsapp.com_0.indexeddb.leveldb/LOCK: File currently in use. (ChromeMethodBFE: 15::LockFile::2)
[0710/215022.282:ERROR:leveldb_factory.cc(88)] Failed to open LevelDB database from C:\Users\mati_\OneDrive\Desktop\stargym\.wwebjs_auth\session\Default\IndexedDB\https_web.whatsapp.com_0.indexeddb.leveldb,IO error: C:\Users\mati_\OneDrive\Desktop\stargym\.wwebjs_auth\session\Default\IndexedDB\https_web.whatsapp.com_0.indexeddb.leveldb/LOCK: File currently in use. (ChromeMethodBFE: 15::LockFile::2)
[0710/215024.310:ERROR:leveldb_factory.cc(88)] Failed to open LevelDB database from C:\Users\mati_\OneDrive\Desktop\stargym\.wwebjs_auth\session\Default\IndexedDB\https_web.whatsapp.com_0.indexeddb.leveldb,IO error: C:\Users\mati_\OneDrive\Desktop\stargym\.wwebjs_auth\session\Default\IndexedDB\https_web.whatsapp.com_0.indexeddb.leveldb/LOCK: File currently in use. (ChromeMethodBFE: 15::LockFile::2)
[0710/215026.331:ERROR:leveldb_factory.cc(88)] Failed to open LevelDB database from C:\Users\mati_\OneDrive\Desktop\stargym\.wwebjs_auth\session\Default\IndexedDB\https_web.whatsapp.com_0.indexeddb.leveldb,IO error: C:\Users\mati_\OneDrive\Desktop\stargym\.wwebjs_auth\session\Default\IndexedDB\https_web.whatsapp.com_0.indexeddb.leveldb/LOCK: File currently in use. (ChromeMethodBFE: 15::LockFile::2)
[0710/215028.347:ERROR:leveldb_factory.cc(88)] Failed to open LevelDB database from C:\Users\mati_\OneDrive\Desktop\stargym\.wwebjs_auth\session\Default\IndexedDB\https_web.whatsapp.com_0.indexeddb.leveldb,IO error: C:\Users\mati_\OneDrive\Desktop\stargym\.wwebjs_auth\session\Default\IndexedDB\https_web.whatsapp.com_0.indexeddb.leveldb/LOCK: File currently in use. (ChromeMethodBFE: 15::LockFile::2)
[0710/215029.280:INFO:CONSOLE(163)] "Event handler of 'x-storagemutated-1' event must be added on the initial evaluation of worker script.", source: https://static.whatsapp.net/rsrc.php/v4/yb/r/rtE7jUSd2xP.js (163)
[0710/215114.957:INFO:CONSOLE(4)] "Uncaught (in promise) Error: window is not defined", source: https://web.whatsapp.com/ (4)
[0710/215116.390:INFO:CONSOLE(163)] "Event handler of 'x-storagemutated-1' event must be added on the initial evaluation of worker script.", source: https://static.whatsapp.net/rsrc.php/v4/yb/r/rtE7jUSd2xP.js (163)
[0710/215205.482:INFO:CONSOLE(163)] "Event handler of 'x-storagemutated-1' event must be added on the initial evaluation of worker script.", source: https://static.whatsapp.net/rsrc.php/v4/yb/r/rtE7jUSd2xP.js (163)
